20230130	11:51:04	INFORMATION	/	the home page was visited.	4ad8738b-289d-4ac1-85af-4551dc19f41e
20230130	11:52:05	INFORMATION	/	the home page was visited.	9e68240f-6905-4157-8899-6304e2f9789b
20230130	11:53:06	INFORMATION	/description	the description page was visited.	dd6c5646-e636-4b4a-9a31-e4e096a226e1
20230130	11:53:15	INFORMATION	/	the home page was visited.	d3887540-3f19-45cd-8b13-94ced75f85d6
20230130	11:55:13	INFORMATION	/	the home page was visited.	64940e65-e2ce-4ab5-8484-fa49b87818da
20230130	11:58:05	INFORMATION	/description	the description page was visited.	e891a33f-8678-4bea-8b09-72ae7b638b1d
20230130	11:58:09	INFORMATION	/	the home page was visited.	9833a4e9-a2f6-48b2-b46e-6782a8ccc3ce
20230130	12:03:08	INFORMATION	/	the home page was visited.	0876c044-fd8a-4bc2-8863-53e812f24f4e
20230130	12:03:24	INFORMATION	/description	the description page was visited.	d4e511cb-9c2e-4cc5-a971-d4556522427c
20230130	12:06:49	INFORMATION	/description	the description page was visited.	edb8d783-6ad0-4d91-914d-8db1754a6fcc
20230130	12:06:57	INFORMATION	/description	the description page was visited.	107ce978-8ca5-4fe3-b6c3-a41edd1f1b1b
20230130	12:06:58	INFORMATION	/about	the about page was visited.	8b65a74d-acb2-40a1-9346-f095a92c4594
20230130	12:06:59	INFORMATION	/domestication	the domestication page was visited.	de60be15-6f83-4b30-860f-e32d375042cb
20230130	12:07:00	INFORMATION	/donate	the donate page was visited.	77913ab6-da42-4e32-b1c2-6b04b419ef7e
20230130	12:07:04	INFORMATION	/genus	the genus page was visited.	ed634a03-70cd-46a5-9fb8-582d814e779b
20230130	12:09:56	INFORMATION	/description	the description page was visited.	5a47e5aa-9e10-4382-bb84-6b2d731b8d95
20230130	12:10:02	INFORMATION	/about	the about page was visited.	ad20045b-5b0d-4d47-ad1b-d92f2180fed6
20230130	12:10:06	INFORMATION	/domestication	the domestication page was visited.	c938f874-3377-4cfb-8b6e-aadd31f7e9b0
20230130	12:12:24	INFORMATION	/domestication	the domestication page was visited.	5c6de437-adf0-4072-a7b4-828befc15cf4
20230130	12:12:39	INFORMATION	/domestication	the domestication page was visited.	cb2edef0-e06d-4403-8298-ff5b288a77b6
20230130	12:12:47	INFORMATION	/genus	the genus page was visited.	cc8a92a3-e9b5-4d4e-869c-714b950f5205
20230130	12:13:52	INFORMATION	/	the home page was visited.	198916f8-7550-4c3a-a3b9-29579c4571e2
20230130	12:13:55	INFORMATION	/description	the description page was visited.	23f3c36f-47e8-4c5a-a97a-6b4eafd0dc48
20230130	12:41:31	INFORMATION	/	the home page was visited.	75bbe7e3-4151-448b-a66a-8a9ff524d9f9
20230130	12:41:34	INFORMATION	/description	the description page was visited.	433b69d5-a87c-4a3f-8519-27f803a41d0a
20230130	12:41:39	INFORMATION	/about	the about page was visited.	e8ac7bb9-cd0d-4a3b-a5a3-b1589a1c3577
20230130	12:41:40	INFORMATION	/domestication	the domestication page was visited.	69356940-9bc2-4a03-93cb-77f3cafff3e6
20230130	12:41:41	INFORMATION	/genus	the genus page was visited.	7e6f1c23-aa05-496e-ae42-ceb590629b0f
20230130	12:41:42	INFORMATION	/description	the description page was visited.	4545485b-c6e5-4200-98b7-b6482cbfa51b
20230130	12:57:01	INFORMATION	/description	the description page was visited.	42bf2373-2a52-4c57-9b90-4e96cb81e801
20230130	12:57:31	INFORMATION	/description	the description page was visited.	d8ad88b4-85c0-47aa-b80e-89d1078e097f
20230130	12:59:05	INFORMATION	/description	the description page was visited.	8afe3145-812b-452d-b0c9-ac3036475723
20230130	12:59:33	INFORMATION	/description	the description page was visited.	62a2c349-36bc-41f2-b15f-56434bafb75b
20230130	12:59:53	INFORMATION	/description	the description page was visited.	afff0b81-ea52-4aed-a286-8e5be552d9ff
20230130	12:59:58	INFORMATION	/	the home page was visited.	34ab0edf-0b84-43bb-92f7-1da707067e68
20230130	13:00:00	INFORMATION	/description	the description page was visited.	ceeaef78-0fdc-4b70-b52b-adb0b6aac620
20230130	13:00:11	INFORMATION	/description	the description page was visited.	9bcf9994-ae50-4cf0-94a6-ddb94381e672
20230130	13:02:35	INFORMATION	/description	the description page was visited.	62eb71e3-6e35-48af-87ea-ddfabf8545db
20230130	13:02:39	INFORMATION	/	the home page was visited.	30fe4374-ec9b-4dae-8b64-24f94faf4d08
20230130	13:02:41	INFORMATION	/description	the description page was visited.	083b31a0-26b4-40f5-aec1-1b19e91326c1
20230130	13:03:33	INFORMATION	/index	the home page was visited.	a4b33f34-83a1-413e-bef6-df177f3407cd
20230130	13:03:33	INFORMATION	/index.js	the home page was visited.	11f59d2d-fb19-4367-a824-0bf0ebd09e36
20230130	13:03:33	INFORMATION	/favicon.ico	the home page was visited.	f8c321f1-2013-4504-9901-b5a8e4ee6872
20230130	13:03:35	INFORMATION	/description	the description page was visited.	042a18b6-f9c1-4b9b-895f-e25e51921882
20230130	13:03:35	INFORMATION	/index.js	the home page was visited.	18e4d726-cdbc-43c5-b497-d5d0af1511b4
20230130	13:03:35	INFORMATION	/audio/HEDGEHOG%20SOUNDS%20-%20Sound%20Effects%20[High%20Quality].mp3	the home page was visited.	4c6fa287-4a83-4d74-8119-4ca176d8b1ed
20230130	13:03:35	INFORMATION	/favicon.ico	the home page was visited.	26058378-9168-4504-bf84-4d44b820af06
20230130	13:03:36	INFORMATION	/index	the home page was visited.	78553698-bcc7-43f7-a28c-c55172fd5e6c
20230130	13:03:36	INFORMATION	/index.js	the home page was visited.	8dac3bdb-5833-4b00-b6ba-ef5e3c539ce8
20230130	13:03:36	INFORMATION	/favicon.ico	the home page was visited.	1dcf22f9-4476-44d1-bb7a-11e7e92cd91a
20230130	13:03:37	INFORMATION	/description	the description page was visited.	625875cb-6a53-40d7-8cf8-1ef09a70b835
20230130	13:03:37	INFORMATION	/index.js	the home page was visited.	d3cd77c7-997a-49cf-8575-b5884c3d440f
20230130	13:03:37	INFORMATION	/audio/HEDGEHOG%20SOUNDS%20-%20Sound%20Effects%20[High%20Quality].mp3	the home page was visited.	cb6bcca3-3d8c-4809-b4ef-e44b714158a6
20230130	13:03:38	INFORMATION	/favicon.ico	the home page was visited.	c56ba6ab-4c75-4c8e-9880-b3e850a0467f
20230130	13:03:39	INFORMATION	/description	the description page was visited.	c4c34071-932d-42da-9a08-afee6f62f807
20230130	13:03:39	INFORMATION	/index.js	the home page was visited.	4cff2110-ddd8-4e8e-b795-ce6b806e7e70
20230130	13:03:39	INFORMATION	/audio/HEDGEHOG%20SOUNDS%20-%20Sound%20Effects%20[High%20Quality].mp3	the home page was visited.	940cd4c7-75ec-47b5-a217-9b531153ab0f
20230130	13:03:40	INFORMATION	/favicon.ico	the home page was visited.	187c39e3-663b-43ae-974b-7e194ac78eea
20230130	13:03:40	INFORMATION	/about	the about page was visited.	7f49a5e5-a14c-4916-aede-9b72312dd333
20230130	13:03:40	INFORMATION	/index.js	the home page was visited.	cc59854d-d23e-47b3-9e8d-5f694eeab376
20230130	13:03:41	INFORMATION	/favicon.ico	the home page was visited.	e10347ff-4e10-4eff-aea8-8a5165b67c2f
20230130	13:03:41	INFORMATION	/domestication	the domestication page was visited.	5b0a33a8-ec5f-4523-ad3b-1ca42c20a338
20230130	13:03:41	INFORMATION	/index.js	the home page was visited.	59050cca-d8e6-4cc9-91ec-9310aba53e5d
20230130	13:03:41	INFORMATION	/favicon.ico	the home page was visited.	8a3ddc9b-3ef8-4227-869b-be2c3f49b2da
20230130	13:03:42	INFORMATION	/genus	the genus page was visited.	9ec4016c-5a1e-4464-af77-622564fda9aa
20230130	13:03:42	INFORMATION	/index.js	the home page was visited.	f667ce81-1a7e-42ba-b36e-df0d9328a590
20230130	13:03:42	INFORMATION	/favicon.ico	the home page was visited.	291baf40-91ee-4467-8b8a-4a447cb22943
20230130	13:03:43	INFORMATION	/donate	the donate page was visited.	449b290c-eae5-46b7-94ff-66da6eee69a4
20230130	13:03:43	INFORMATION	/favicon.ico	the home page was visited.	6a345a1a-f70b-45e1-ab83-a728bbb4fc52
20230130	13:03:45	INFORMATION	/favicon.ico	the home page was visited.	de09c8bd-7726-48b1-bb71-4aaf9c8a568c
20230130	13:03:46	INFORMATION	/index	the home page was visited.	6d2ccebf-3697-40cc-92ae-5d1a6bfcfea5
20230130	13:03:46	INFORMATION	/index.js	the home page was visited.	07c1fcad-14b2-43c5-8c8c-59d2c3767f94
20230130	13:03:46	INFORMATION	/favicon.ico	the home page was visited.	6fea9b24-a5e3-4529-9cf9-85d0fdb762b0
20230130	13:04:19	INFORMATION	/index	the home page was visited.	9adaaa52-cf73-43a5-bf64-3e28f435182b
20230130	13:04:19	INFORMATION	/index.js	the home page was visited.	9dcd2719-f227-4df5-a6e9-824a00d880a5
20230130	13:04:19	INFORMATION	/favicon.ico	the home page was visited.	f7377ebe-4ac4-494b-be98-193dca2408a2
20230130	13:04:21	INFORMATION	/index	the home page was visited.	1f9a19b2-26ba-4d05-8732-22cd287c1acb
20230130	13:04:21	INFORMATION	/index.js	the home page was visited.	1c04f318-6d8a-4a3b-8b34-3c0cd1dfc002
20230130	13:04:21	INFORMATION	/favicon.ico	the home page was visited.	4a25c5d4-fc06-4881-b048-62fe03c1b21e
20230130	13:04:22	INFORMATION	/description	the description page was visited.	f5b6a425-4bc8-40c1-a046-e42d12ac5f78
20230130	13:04:22	INFORMATION	/index.js	the home page was visited.	0c838ad5-3322-4036-9f73-f0b8a7139265
20230130	13:04:22	INFORMATION	/audio/HEDGEHOG%20SOUNDS%20-%20Sound%20Effects%20[High%20Quality].mp3	the home page was visited.	a19a338d-9dc5-4c47-8b39-b631ac03a5fa
20230130	13:04:22	INFORMATION	/favicon.ico	the home page was visited.	7c5da9b7-4d6c-479e-be77-4eb6cebaa4e0
20230130	13:04:23	INFORMATION	/about	the about page was visited.	78bb1ccb-794d-48ea-9ec3-243fa8738fb8
20230130	13:04:23	INFORMATION	/index.js	the home page was visited.	39723c7b-e36e-49d8-ad7c-ceed7031a0b7
20230130	13:04:23	INFORMATION	/favicon.ico	the home page was visited.	237fb5d7-1c9f-4d4f-8916-690a9b32b927
20230130	13:04:24	INFORMATION	/domestication	the domestication page was visited.	74a0bb5a-4ed0-48a5-95be-aa19fb58358c
20230130	13:04:24	INFORMATION	/index.js	the home page was visited.	b8afe170-a965-4e29-98fa-bfe9a7124c49
20230130	13:04:24	INFORMATION	/favicon.ico	the home page was visited.	4b24b9fe-768a-41c7-8923-7896ea405561
20230130	13:04:24	INFORMATION	/genus	the genus page was visited.	26c1c937-3b3a-45e3-8437-e19a221b0f16
20230130	13:04:24	INFORMATION	/index.js	the home page was visited.	d9f2f615-fa4e-49c8-87e6-a35271b2a410
20230130	13:04:24	INFORMATION	/favicon.ico	the home page was visited.	3ab5f201-3bf7-4e25-b36a-44f34e08eb7a
20230130	13:04:27	INFORMATION	/index	the home page was visited.	c7a7dd02-2ba9-4725-a58b-979fabdf1e7d
20230130	13:04:27	INFORMATION	/index.js	the home page was visited.	d243834c-7dfd-41c9-a681-d4ba283a5a6c
20230130	13:04:27	INFORMATION	/favicon.ico	the home page was visited.	32115bc6-40ff-4008-817d-ba2c3ea44507
20230130	13:15:34	INFORMATION	/genus	the genus page was visited.	692eb38e-e4b1-45a4-8f0d-f6910643e72a
20230130	13:15:34	INFORMATION	/index.js	the home page was visited.	f66d138a-91d9-45de-a4eb-9dba1d04cf66
20230130	13:15:34	INFORMATION	/favicon.ico	the home page was visited.	66a7dc53-2cea-423e-958c-0e2126e389cf
20230130	13:20:45	INFORMATION	/genus	the genus page was visited.	0ec04596-156e-49f7-8317-b1f4a48f3fff
20230130	13:20:45	INFORMATION	/index.js	the home page was visited.	99b3b65b-4915-4408-8a08-dba2abdce15f
20230130	13:20:45	INFORMATION	/favicon.ico	the home page was visited.	bc1c143d-60fd-4c3b-afaf-d0916e165a7a
20230130	13:20:54	INFORMATION	/favicon.ico	the home page was visited.	ce6c3b32-ffc4-4f2b-b9c1-10b44ce38885
20230130	13:20:57	INFORMATION	/index	the home page was visited.	01f2be86-71e0-4fe1-bdc1-38044800d1bb
20230130	13:20:57	INFORMATION	/index.js	the home page was visited.	fa30b7c5-4d68-4311-8bd0-b206e485b17a
20230130	13:20:58	INFORMATION	/favicon.ico	the home page was visited.	0783fcf2-23c5-4a10-b434-ca58d29e91ac
20230130	13:21:02	INFORMATION	/description	the description page was visited.	221f7725-13d7-475e-97fa-a26142742126
20230130	13:21:02	INFORMATION	/index.js	the home page was visited.	dfc5bbb6-7468-4bec-be97-d81b8e59a290
20230130	13:21:02	INFORMATION	/audio/HEDGEHOG%20SOUNDS%20-%20Sound%20Effects%20[High%20Quality].mp3	the home page was visited.	b11ff512-a9fd-46c1-b8db-310eb065effa
20230130	13:21:02	INFORMATION	/favicon.ico	the home page was visited.	66b0c728-6ea1-455e-9069-8d282602349e
20230130	13:21:08	INFORMATION	/favicon.ico	the home page was visited.	cbf4fba8-0908-407a-aa37-ae7db136c4cd
20230130	13:21:09	INFORMATION	/index	the home page was visited.	839d6781-7fc2-478a-ad72-edf9c61025d0
20230130	13:21:09	INFORMATION	/index.js	the home page was visited.	be7e3f51-6d82-4406-bfaa-274e8c2202c5
20230130	13:21:09	INFORMATION	/favicon.ico	the home page was visited.	66a72c58-0cf3-4a0f-98fa-98ef95befe11
20230130	13:21:11	INFORMATION	/about	the about page was visited.	f5a6b342-18f5-446c-8845-1a4313878612
20230130	13:21:11	INFORMATION	/index.js	the home page was visited.	3aaac15b-3f06-42f9-8ae1-8c026107986f
20230130	13:21:11	INFORMATION	/favicon.ico	the home page was visited.	d2607d2b-213d-4e30-b338-5a762d93b7d2
20230130	13:21:15	INFORMATION	/favicon.ico	the home page was visited.	b3970daa-becb-4a46-bb54-c19eae6a3b87
20230130	13:21:16	INFORMATION	/domestication	the domestication page was visited.	b9f2aa4e-2791-495b-9cf4-5092f99d257d
20230130	13:21:16	INFORMATION	/index.js	the home page was visited.	974b5b83-0c81-4bd2-b63b-20c0cf01ad98
20230130	13:21:16	INFORMATION	/favicon.ico	the home page was visited.	7de14f8d-b833-4425-b5a5-fde2186ec845
20230130	13:21:19	INFORMATION	/favicon.ico	the home page was visited.	2b303cdc-d754-4a86-9140-f3de7e956d09
20230130	13:21:20	INFORMATION	/genus	the genus page was visited.	05d0eb7c-703c-417d-8492-3866d9a976d6
20230130	13:21:20	INFORMATION	/index.js	the home page was visited.	56b2c758-c922-407b-8c24-a9580ecb6389
20230130	13:21:20	INFORMATION	/favicon.ico	the home page was visited.	65744bfb-0044-4840-9c8b-aba65b002b89
20230130	13:21:23	INFORMATION	/favicon.ico	the home page was visited.	e6acfb0e-3b15-44e6-8293-8c603112a20e
20230130	13:21:26	INFORMATION	/description	the description page was visited.	ca4562e9-fa51-483f-a98b-892d2d2df294
20230130	13:21:26	INFORMATION	/index.js	the home page was visited.	880658be-73df-4e33-be22-419e0e5ab085
20230130	13:21:26	INFORMATION	/audio/HEDGEHOG%20SOUNDS%20-%20Sound%20Effects%20[High%20Quality].mp3	the home page was visited.	af8106bf-a628-4850-ab39-c4250adcc2f5
20230130	13:21:26	INFORMATION	/favicon.ico	the home page was visited.	f3fa0d71-05ab-4136-9d14-a6d1fed6066b
20230130	13:21:31	INFORMATION	/about	the about page was visited.	d01002bd-c1d6-4cc4-88e2-1344b3e40b06
20230130	13:21:31	INFORMATION	/index.js	the home page was visited.	205d311e-c9b3-4cf5-8478-5efc81d3ebaa
20230130	13:21:31	INFORMATION	/favicon.ico	the home page was visited.	6c5a9a47-740c-498e-859b-b9fc4fdf8a08
20230130	13:23:22	INFORMATION	/about	the about page was visited.	d2185b07-f679-4eda-8ddd-b93afe3cd869
20230130	13:23:22	INFORMATION	/index.js	the home page was visited.	cd01706f-ffe8-4c4f-af1a-c77cebcef68f
20230130	13:23:23	INFORMATION	/favicon.ico	the home page was visited.	38f19f37-7caf-461a-9aac-61ddee553800
20230130	13:25:37	INFORMATION	/about	the about page was visited.	ed9d32c2-0271-49a1-a102-141cf6278cbe
20230130	13:25:38	INFORMATION	/index.js	the home page was visited.	ca565f7f-f1ec-4023-b215-e80072eb260b
20230130	13:25:38	INFORMATION	/favicon.ico	the home page was visited.	4a9d9b12-49cc-4318-94ee-3418dda98fb5
20230130	13:26:13	INFORMATION	/index.js	the home page was visited.	bc12a8f9-909f-4e92-9139-c64eaec1461e
20230130	13:26:13	INFORMATION	/about	the about page was visited.	3d584a73-978f-4654-8998-9fbb848b8889
20230130	13:26:13	INFORMATION	/favicon.ico	the home page was visited.	7436202c-fc31-4d7a-9bc6-14ba6528447a
20230130	14:39:21	INFORMATION	/favicon.ico	the home page was visited.	1f4ff55b-6088-42dc-961f-a7b8daa26c2c
20230130	14:51:31	INFORMATION	/index	the home page was visited.	1d5b6311-0cf0-4d01-8712-155ea323781f
20230130	14:51:31	INFORMATION	/index.js	the home page was visited.	27668337-696c-4f31-86ff-8dcb50a6f7c2
20230130	14:51:31	INFORMATION	/favicon.ico	the home page was visited.	a6334fd8-a23e-48dc-9e51-c6b60f283967
20230130	14:51:42	INFORMATION	/description	the description page was visited.	2e845a2f-3d04-493d-b494-4a3ac5156020
20230130	14:51:42	INFORMATION	/index.js	the home page was visited.	03700d6f-e504-4732-837d-5925675c50cb
20230130	14:51:42	INFORMATION	/audio/HEDGEHOG%20SOUNDS%20-%20Sound%20Effects%20[High%20Quality].mp3	the home page was visited.	4bd6852e-2893-48ef-b62a-fef9f6589f85
20230130	14:51:43	INFORMATION	/favicon.ico	the home page was visited.	4a9bf3be-be8e-44f6-b7f7-7ed5d9456730
20230130	14:53:32	INFORMATION	/description	the description page was visited.	e696b583-c6a8-44ba-905d-e635653b9d9c
20230130	14:53:32	INFORMATION	/index.js	the home page was visited.	40f0849d-bcb7-4f71-a888-68a0f80d189e
20230130	14:53:32	INFORMATION	/audio/HEDGEHOG%20SOUNDS%20-%20Sound%20Effects%20[High%20Quality].mp3	the home page was visited.	679d450f-c009-4fdd-957a-d99c8f46e30d
20230130	14:53:33	INFORMATION	/favicon.ico	the home page was visited.	58202ba0-0fd4-4294-a2fe-2dd7b28924eb
20230130	14:54:06	INFORMATION	/genus	the genus page was visited.	ddd04cc4-664c-43c3-b4c4-4ee74464758a
20230130	14:54:06	INFORMATION	/index.js	the home page was visited.	5f2ca9c7-8f99-43d1-a35c-faf2b3a3d3a6
20230130	14:54:06	INFORMATION	/favicon.ico	the home page was visited.	0b9ed5e9-61cb-41e8-8a69-9da9ff32a2d5
20230130	14:59:30	INFORMATION	/genus	the genus page was visited.	d2926841-dc15-4335-9232-d740d622d755
20230130	14:59:30	INFORMATION	/index.js	the home page was visited.	af67aa82-e50b-4be4-8f78-981bcb201a90
20230130	14:59:30	INFORMATION	/favicon.ico	the home page was visited.	3ff69dc0-fff4-4172-a5d6-233a248700c3
20230130	14:59:33	INFORMATION	/domestication	the domestication page was visited.	89b6edf6-920e-426d-a013-5ca82ca2d05c
20230130	14:59:33	INFORMATION	/index.js	the home page was visited.	64cab3fc-fc2a-4092-9fdb-5d1df18eea39
20230130	14:59:33	INFORMATION	/favicon.ico	the home page was visited.	77cfab95-e2c4-4d81-bbe5-ab836a68b0c4
20230130	14:59:44	INFORMATION	/genus	the genus page was visited.	b458207e-f873-41c6-bc5f-e8a92ec45b46
20230130	14:59:44	INFORMATION	/index.js	the home page was visited.	e9178000-b2e8-41fa-8c29-76b2492d1a36
20230130	14:59:44	INFORMATION	/favicon.ico	the home page was visited.	e32ac113-a4bc-4813-bd25-1f6602298cba
20230130	14:59:50	INFORMATION	/description	the description page was visited.	461546e6-146e-4748-9cd4-8541c24c68c5
20230130	14:59:50	INFORMATION	/index.js	the home page was visited.	1b913e61-0dfe-40bb-a1f1-f82286e13e85
20230130	14:59:50	INFORMATION	/audio/HEDGEHOG%20SOUNDS%20-%20Sound%20Effects%20[High%20Quality].mp3	the home page was visited.	caf6deb3-a019-4965-908b-db4b5d20741c
20230130	14:59:50	INFORMATION	/favicon.ico	the home page was visited.	aa7dfad3-00de-4de6-bc59-15836ef873b0
20230130	14:59:55	INFORMATION	/index	the home page was visited.	261c89fe-cba4-439c-b0ce-9968c369b813
20230130	14:59:55	INFORMATION	/index.js	the home page was visited.	18ee669f-ff8a-44be-b35c-c8b74ad1bf5b
20230130	14:59:55	INFORMATION	/favicon.ico	the home page was visited.	855d04b1-f42c-46fa-898b-fc9dc582e156
20230130	14:59:56	INFORMATION	/genus	the genus page was visited.	7c25b9f5-9c06-434f-bfc9-71fb6376e70f
20230130	14:59:56	INFORMATION	/index.js	the home page was visited.	4b6d56d6-3a3a-4c16-a497-521dcb6d5a80
20230130	14:59:56	INFORMATION	/favicon.ico	the home page was visited.	851808f2-b669-46fe-a2a7-8e20e0c926dc
20230130	15:00:04	INFORMATION	/favicon.ico	the home page was visited.	f8e59daa-5bfb-425f-852a-13c7127943c1
20230130	15:21:27	INFORMATION	/index	the home page was visited.	7824a366-34de-404d-85f6-f57cba2f6212
20230130	15:21:27	INFORMATION	/index.js	the home page was visited.	a0f61cb1-593c-4b50-8d1e-44a4b4a3b62d
20230130	15:21:28	INFORMATION	/favicon.ico	the home page was visited.	fd578aef-bb27-4639-ab81-9e08f9ef5955
20230130	15:21:36	INFORMATION	/description	the description page was visited.	3d738c3e-a80e-42b4-95e2-02612002ff89
20230130	15:21:36	INFORMATION	/index.js	the home page was visited.	bf1646a8-dd7c-49a7-80c6-34c05179bcf5
20230130	15:21:36	INFORMATION	/audio/HEDGEHOG%20SOUNDS%20-%20Sound%20Effects%20[High%20Quality].mp3	the home page was visited.	4a59fe4f-368f-4a3c-96be-c39407dabb87
20230130	15:21:36	INFORMATION	/favicon.ico	the home page was visited.	c70d1af3-03ac-498f-92c5-e631c7615e43
20230130	15:23:11	INFORMATION	/description	the description page was visited.	fd2c77cf-37cf-4b2d-b68f-d1e1f068d2e5
20230130	15:23:11	INFORMATION	/index.js	the home page was visited.	ef51a580-c6a7-4dd6-82ed-ca14477287c8
20230130	15:23:11	INFORMATION	/audio/HEDGEHOG%20SOUNDS%20-%20Sound%20Effects%20[High%20Quality].mp3	the home page was visited.	fb90d1dd-7e3c-464e-a991-0984d511acf2
20230130	15:23:11	INFORMATION	/favicon.ico	the home page was visited.	dff5ca2c-736e-4256-b681-4c0c955f91c4
20230130	15:23:15	INFORMATION	/genus	the genus page was visited.	95da79ff-1793-4eb6-9d75-bfca952493c8
20230130	15:23:15	INFORMATION	/index.js	the home page was visited.	13653616-d554-451f-83ec-32dd2d9d8876
20230130	15:23:15	INFORMATION	/favicon.ico	the home page was visited.	74455ac5-9713-4fc5-bd8e-f518f02d73b9
20230130	15:23:21	INFORMATION	/genus	the genus page was visited.	9715ee14-63fe-4deb-98ef-d29a8b9045d5
20230130	15:23:21	INFORMATION	/index.js	the home page was visited.	9671e15d-3b2a-4989-ae16-ee7e6f8806e4
20230130	15:23:21	INFORMATION	/favicon.ico	the home page was visited.	3731a0f7-6da6-49ca-832e-6cfb16f178ef
20230130	15:25:18	INFORMATION	/domestication	the domestication page was visited.	063a70ba-34b0-41a5-9fbd-e2dde5aa71f1
20230130	15:25:18	INFORMATION	/index.js	the home page was visited.	b39f24a1-4aea-4e33-ae71-07b1c1528165
20230130	15:25:18	INFORMATION	/favicon.ico	the home page was visited.	54cca179-c806-465a-92fe-32e67c77a1fa
20230130	15:25:36	INFORMATION	/genus	the genus page was visited.	829e8e83-ca44-44bc-9235-12cb8cdc0969
20230130	15:25:36	INFORMATION	/index.js	the home page was visited.	cc8e181f-6288-479e-aa4e-973817ac8ac1
20230130	15:25:36	INFORMATION	/favicon.ico	the home page was visited.	69e5003d-a6c4-4456-9fbc-8b5237c88baa
20230130	15:25:45	INFORMATION	/about	the about page was visited.	00e197fb-d91f-4be8-804a-2740989f6fa6
20230130	15:25:45	INFORMATION	/index.js	the home page was visited.	d4a9d98a-bd76-4618-8c9d-bb07fdc03aa2
20230130	15:25:45	INFORMATION	/favicon.ico	the home page was visited.	5667ecdd-0380-4f04-b70a-7a268c084f6f
20230130	15:25:55	INFORMATION	/description	the description page was visited.	70cb76d4-ed5e-40f2-984c-6920832f57e8
20230130	15:25:55	INFORMATION	/index.js	the home page was visited.	5cb76158-7c44-4546-a8a1-0a6000e055fd
20230130	15:25:55	INFORMATION	/audio/HEDGEHOG%20SOUNDS%20-%20Sound%20Effects%20[High%20Quality].mp3	the home page was visited.	ead9fc06-6e6b-4d1c-bd99-b01b19cc0cfc
20230130	15:25:55	INFORMATION	/favicon.ico	the home page was visited.	cb441f28-c163-40e2-a487-c63a28d6505a
20230130	15:26:05	INFORMATION	/index	the home page was visited.	523d9c24-47f3-4886-8541-d8124f4cef1a
20230130	15:26:05	INFORMATION	/index.js	the home page was visited.	b52fed4c-d534-4dec-90a2-78f93a15ec6b
20230130	15:26:05	INFORMATION	/favicon.ico	the home page was visited.	b0cb701b-ed3f-41db-8774-6c916a52708b
20230130	15:27:22	INFORMATION	/index	the home page was visited.	817e5dca-8d14-435b-b7e0-f8e4c1a6b450
20230130	15:27:22	INFORMATION	/index.js	the home page was visited.	60630a37-e280-4b94-8b2a-d9f69f949793
20230130	15:27:22	INFORMATION	/favicon.ico	the home page was visited.	6535e99d-cb3f-4586-8972-0c3858b66ea8
20230130	15:27:26	INFORMATION	/description	the description page was visited.	c85339ae-529b-4881-af1d-58a609c3e592
20230130	15:27:26	INFORMATION	/index.js	the home page was visited.	1c7fbbe3-0e2a-426a-a4a9-bdf695041f57
20230130	15:27:26	INFORMATION	/audio/HEDGEHOG%20SOUNDS%20-%20Sound%20Effects%20[High%20Quality].mp3	the home page was visited.	c1844a85-6c46-4b8a-9deb-52310e3e7a0f
20230130	15:27:26	INFORMATION	/favicon.ico	the home page was visited.	480c83e8-b953-4f65-b2fc-15701afb280c
20230130	15:29:31	INFORMATION	/genus	the genus page was visited.	04709eca-f096-4305-9b10-48b8e2fb847b
20230130	15:29:31	INFORMATION	/index.js	the home page was visited.	4dc7f735-2a84-445d-8ab7-e0585d911591
20230130	15:29:31	INFORMATION	/favicon.ico	the home page was visited.	886cc9af-c75e-45c4-be53-4df500346b59
20230130	15:29:43	INFORMATION	/description	the description page was visited.	27cf92a2-ee63-401e-9cb1-dca44f1b7602
20230130	15:29:43	INFORMATION	/index.js	the home page was visited.	6a8b71af-d582-44b9-a4bb-b423c0053376
20230130	15:29:43	INFORMATION	/audio/HEDGEHOG%20SOUNDS%20-%20Sound%20Effects%20[High%20Quality].mp3	the home page was visited.	ffd6d1ff-c6f5-47fb-b070-d0cbc60e3438
20230130	15:29:43	INFORMATION	/favicon.ico	the home page was visited.	4b89a16e-1e58-4423-945a-43b611c17b93
20230130	15:29:44	INFORMATION	/domestication	the domestication page was visited.	4b3c9fa3-e8a6-4bb7-a2f8-0b45e514fbee
20230130	15:29:44	INFORMATION	/index.js	the home page was visited.	76006702-9c47-4575-b3a7-c1aa14b00cce
20230130	15:29:44	INFORMATION	/favicon.ico	the home page was visited.	56634dd8-1e09-4c93-b63c-caf988718393
20230130	15:29:49	INFORMATION	/domestication	the domestication page was visited.	6fb1538d-fa5a-4db6-94ee-792018ddf744
20230130	15:29:49	INFORMATION	/index.js	the home page was visited.	19f21eb6-32d8-4727-85b6-3913f8adab2b
20230130	15:29:49	INFORMATION	/favicon.ico	the home page was visited.	f140526d-eb5f-4ac5-8d0e-7e23471036fa
20230130	15:46:21	INFORMATION	/index	the home page was visited.	8e6d6994-0fce-4f2c-8a33-37a28392d926
20230130	15:46:21	INFORMATION	/index.js	the home page was visited.	06fa15f6-4330-418d-98c1-1f085b9bdfd6
20230130	15:46:22	INFORMATION	/favicon.ico	the home page was visited.	92b4b4c0-39c7-46c8-9dd0-ae43ef4b6189
20230130	15:46:23	INFORMATION	/description	the description page was visited.	4f0b6a1e-d56b-49dc-9f3d-4a21af0a3a7f
20230130	15:46:23	INFORMATION	/index.js	the home page was visited.	906e5497-b455-48fd-b6e3-d072cb51bd16
20230130	15:46:23	INFORMATION	/audio/HEDGEHOG%20SOUNDS%20-%20Sound%20Effects%20[High%20Quality].mp3	the home page was visited.	f6ec5d06-0f47-4163-8b9e-1b03b48773c1
20230130	15:46:23	INFORMATION	/favicon.ico	the home page was visited.	69800df6-f951-4e8e-8cf1-9728c4aa7719
20230130	15:46:24	INFORMATION	/index	the home page was visited.	bef57ce3-5506-4bf7-8985-0fcbac999dba
20230130	15:46:24	INFORMATION	/index.js	the home page was visited.	09210ede-aa02-4d3f-bbfc-5f55c414ee19
20230130	15:46:24	INFORMATION	/favicon.ico	the home page was visited.	27821e51-b1c8-4391-b847-49762c56be34
20230130	15:46:25	INFORMATION	/description	the description page was visited.	4727e429-2757-4331-a4eb-72e2ff7c4934
20230130	15:46:25	INFORMATION	/index.js	the home page was visited.	200f9e03-11c0-4246-ac7f-4a9bac681fcc
20230130	15:46:25	INFORMATION	/audio/HEDGEHOG%20SOUNDS%20-%20Sound%20Effects%20[High%20Quality].mp3	the home page was visited.	0dd92ace-f86d-4a98-92e8-528365621eac
20230130	15:46:25	INFORMATION	/favicon.ico	the home page was visited.	b7aa1213-c60f-4373-8b8d-ec79f2d1e56e
20230130	15:46:26	INFORMATION	/about	the about page was visited.	7fa55634-0317-45a9-9090-9f651cba952c
20230130	15:46:26	INFORMATION	/favicon.ico	the home page was visited.	a0b1d5e7-b349-483f-8687-7e3822ff77fb
20230130	15:46:27	INFORMATION	/domestication	the domestication page was visited.	23c22755-e9c0-49a7-add1-8fd36e2f3a61
20230130	15:46:27	INFORMATION	/favicon.ico	the home page was visited.	98a4a4ad-405a-47d5-b9e4-0bec976f2480
20230130	15:46:28	INFORMATION	/genus	the genus page was visited.	d14181d5-7b32-45a4-b5d1-b6cd13702ea2
20230130	15:46:28	INFORMATION	/favicon.ico	the home page was visited.	2b0425ef-a7a8-4636-8442-d6f83d8529a4
20230130	15:46:46	INFORMATION	/index	the home page was visited.	a3a44b8f-8808-439d-bbcf-fb1f13cc35aa
20230130	15:46:46	INFORMATION	/index.js	the home page was visited.	6f7acc28-d4cf-423f-bf57-f9b3dff0b378
20230130	15:46:46	INFORMATION	/favicon.ico	the home page was visited.	ef6d97e3-43e6-49b9-88f6-32680f24cade
20230130	15:47:06	INFORMATION	/description	the description page was visited.	2f51349d-2714-409d-9cbe-001a852196f5
20230130	15:47:06	INFORMATION	/index.js	the home page was visited.	3fa5e013-bdb0-44c9-8bfd-12f92473e4c9
20230130	15:47:06	INFORMATION	/audio/HEDGEHOG%20SOUNDS%20-%20Sound%20Effects%20[High%20Quality].mp3	the home page was visited.	68f7f1c5-7407-4e47-a6ca-8f36b7432dff
20230130	15:47:07	INFORMATION	/favicon.ico	the home page was visited.	ba74e7ab-e3ed-475a-aa76-2b6a100f6dfa
20230130	15:47:29	INFORMATION	/description	the description page was visited.	90b73d80-7d65-422d-8b4a-ba47ac307d09
20230130	15:47:29	INFORMATION	/index.js	the home page was visited.	5b8138d5-0548-4df9-b893-8a55c6df00f1
20230130	15:47:29	INFORMATION	/audio/HEDGEHOG%20SOUNDS%20-%20Sound%20Effects%20[High%20Quality].mp3	the home page was visited.	94402b11-6b48-4558-9988-1dc7939d323d
20230130	15:47:29	INFORMATION	/favicon.ico	the home page was visited.	7f4f6fbf-79bd-472a-8330-a8d100456153
20230130	15:47:43	INFORMATION	/description	the description page was visited.	8d64d39a-586a-4ae6-ba48-d33c8914ffd2
20230130	15:47:43	INFORMATION	/index.js	the home page was visited.	c95421ee-d5eb-4f07-bb87-0fcf0f3d1a72
20230130	15:47:43	INFORMATION	/audio/HEDGEHOG%20SOUNDS%20-%20Sound%20Effects%20[High%20Quality].mp3	the home page was visited.	b6bcee90-19e3-4d29-b8ee-8ec89f5f0b91
20230130	15:47:44	INFORMATION	/favicon.ico	the home page was visited.	f9a7e73c-a0ab-40cc-9f96-c154585fef47
20230130	15:47:45	INFORMATION	/index	the home page was visited.	1ee83372-d7c4-4af4-8a41-1aeda10e8ccc
20230130	15:47:45	INFORMATION	/index.js	the home page was visited.	30a67bbb-516c-4f8a-b41d-ec45dc067ebb
20230130	15:47:45	INFORMATION	/favicon.ico	the home page was visited.	7a1bb904-4ab4-4968-9f93-2a05c21cd765
20230130	15:47:47	INFORMATION	/index	the home page was visited.	19246bcc-b8fb-469f-aebc-07da45d21bea
20230130	15:47:47	INFORMATION	/index.js	the home page was visited.	a1f7a3e0-c8d7-49ea-b4e4-c16d2490ef42
20230130	15:47:47	INFORMATION	/favicon.ico	the home page was visited.	d0f68053-2942-44fc-9957-32bfd7f6862d
20230130	15:47:51	INFORMATION	/	the home page was visited.	5bab7587-edb5-4a20-af47-cb427403d3c5
20230130	15:47:51	INFORMATION	/index.js	the home page was visited.	39c065b1-4b99-49d0-96ee-f4c50d3b7d50
20230130	15:47:51	INFORMATION	/favicon.ico	the home page was visited.	72e2e946-5001-48a1-94c0-17da8a84dc77
20230130	15:47:53	INFORMATION	/index	the home page was visited.	dcb00a37-9a5a-4b5a-a397-4fcf04be4860
20230130	15:47:53	INFORMATION	/index.js	the home page was visited.	9c66fc66-aa35-40d8-b315-0e7ea01796ea
20230130	15:47:53	INFORMATION	/favicon.ico	the home page was visited.	410d8d3d-77d0-4ef9-af61-f7410aeb69a0
20230130	15:48:01	INFORMATION	/domestication	the domestication page was visited.	e49f7f7f-cad1-4078-9fa4-ed95928e13bd
20230130	15:48:01	INFORMATION	/favicon.ico	the home page was visited.	ec46fb3a-524a-4f68-8384-6d50672e9913
20230130	17:18:40	INFORMATION	/about	the about page was visited.	7ae82318-8b36-4f95-a171-52eb96869b7f
20230130	17:18:41	INFORMATION	/favicon.ico	the home page was visited.	4fbc9d34-a090-4454-b7da-a7736342ecc8
20230130	17:18:45	INFORMATION	/description	the description page was visited.	64745802-9dd6-4300-b8f4-70d15b075b4e
20230130	17:18:45	INFORMATION	/index.js	the home page was visited.	81217b6b-cc0e-4469-a3fc-be31d40a0ad8
20230130	17:18:45	INFORMATION	/audio/HEDGEHOG%20SOUNDS%20-%20Sound%20Effects%20[High%20Quality].mp3	the home page was visited.	110856f6-626a-49be-a185-2e4c5296aaaa
20230130	17:18:45	INFORMATION	/favicon.ico	the home page was visited.	178f16e1-ca1e-491e-8dfc-575039523580
20230130	17:18:54	INFORMATION	/domestication	the domestication page was visited.	8413cbab-594f-4215-b478-dc5ac7daa4a9
20230130	17:18:54	INFORMATION	/favicon.ico	the home page was visited.	95ee921b-5501-48c6-bdfb-6a198feff970
20230130	17:18:56	INFORMATION	/description	the description page was visited.	77e19509-aad7-4294-8851-eb5bb8d34f92
20230130	17:18:56	INFORMATION	/index.js	the home page was visited.	dc5c8281-c409-4433-a444-4eb31986e806
20230130	17:18:56	INFORMATION	/audio/HEDGEHOG%20SOUNDS%20-%20Sound%20Effects%20[High%20Quality].mp3	the home page was visited.	730e7b48-f28e-4fc5-b34a-e4eb6d24612c
20230130	17:18:56	INFORMATION	/favicon.ico	the home page was visited.	cf31e077-1fa0-46f9-987f-e1d611259bda
20230130	18:12:11	INFORMATION	/	the home page was visited.	c2094cca-a375-4bee-977d-0bebeac1f7f4
20230130	18:12:23	INFORMATION	/description	the description page was visited.	e52ef7a3-cb8e-403d-af8b-cb4547aeaf32
20230130	18:23:34	INFORMATION	/description	the description page was visited.	cf696923-8cce-4c8d-9f25-1944cd636543
20230130	18:23:38	INFORMATION	/	the home page was visited.	986cd0cb-5eb1-4e6b-9e9e-2da24141c63a
20230130	18:23:39	INFORMATION	/description	the description page was visited.	79f1414b-f0f5-46ee-a79d-7cc91607666f
20230130	18:24:11	INFORMATION	/	the home page was visited.	b5b80b19-1715-43a2-892b-f1d05d697eb8
20230130	18:24:14	INFORMATION	/genus	the genus & species page was visited.	bd97dc35-4e73-4df9-8d3b-29e1c5d56893
20230130	18:24:15	INFORMATION	/description	the description page was visited.	5d59d1dc-56b4-475a-a698-3186307e4926
20230130	18:26:35	INFORMATION	/	the home page was visited.	8d0b0208-6912-45f0-bc34-3f8d7fa8aef1
20230130	18:26:37	INFORMATION	/description	the description page was visited.	003ac54e-bec4-4120-bf7d-aecd3007b113
20230130	18:26:47	INFORMATION	/domestication	the domestication page was visited.	81289b7f-3b1f-49ed-917a-f1c0221ebd4e
20230130	18:26:48	INFORMATION	/genus	the genus & species page was visited.	8da95b9c-7c44-448c-bf57-0dcce2b0bd35
20230130	18:26:49	INFORMATION	/about	the about page was visited.	84791b8f-420d-491c-a0d7-a2a7b93264ab
20230130	18:26:51	INFORMATION	/description	the description page was visited.	2855278d-e427-4a18-9816-bb1cfb750fd9
20230130	18:27:32	INFORMATION	/description	the description page was visited.	314228e9-bf36-489a-94fc-edef9824ce64
20230130	18:28:26	INFORMATION	/description	the description page was visited.	2570000f-a0a1-4e35-93de-6d477690a406
20230130	18:28:51	INFORMATION	/	the home page was visited.	a6c2d3b0-1e21-44b8-88e3-1576e8269543
20230130	18:29:01	INFORMATION	/description	the description page was visited.	85a00b8c-e8d1-4de4-8422-1bff8df37768
20230130	18:29:05	INFORMATION	/domestication	the domestication page was visited.	e4fe6f7f-dcdb-4125-a1ae-05e0785a55b4
20230130	18:29:06	INFORMATION	/genus	the genus & species page was visited.	42795040-bd12-4abb-849a-c9e10adc3e7d
20230130	18:29:11	INFORMATION	/description	the description page was visited.	c8edb90b-d451-43e2-8b13-948253e0cbe5
20230130	18:29:19	INFORMATION	/description	the description page was visited.	0b6bae85-7ffe-4fc0-b440-300000157bd1
20230130	18:30:05	INFORMATION	/	the home page was visited.	e1dc380b-93fd-4709-9f92-d85aa5374119
20230130	18:30:08	INFORMATION	/description	the description page was visited.	f33155af-2176-4b5f-b497-9bd89bc3f44f
20230130	18:31:08	INFORMATION	/domestication	the domestication page was visited.	a5f2e8fb-7ddd-47f3-9948-e0a3d2ecea26
20230130	18:31:09	INFORMATION	/genus	the genus & species page was visited.	fad7bcf7-f7a7-4fe7-b98d-21e237f37b3f
20230130	18:31:10	INFORMATION	/domestication	the domestication page was visited.	ff77562a-5fbf-470c-b2e9-9e8612ec58ae
20230130	18:31:11	INFORMATION	/about	the about page was visited.	6ce9fcfe-879a-440a-8dae-7f697f9b2e60
20230130	18:31:12	INFORMATION	/description	the description page was visited.	bfe79477-1466-4c44-9108-b2d552f11816
20230130	18:31:39	INFORMATION	/description	the description page was visited.	019002c6-193e-4ebf-ada1-184cfd59ea21
20230130	18:33:28	INFORMATION	/domestication	the domestication page was visited.	03bd4837-5f4d-4367-a94f-4309a9c6d1b2
20230130	18:33:30	INFORMATION	/description	the description page was visited.	d9c0add7-bd2e-4ba5-aab5-545b4a7573ab
20230130	18:33:37	INFORMATION	/domestication	the domestication page was visited.	7f71839d-df34-433a-9450-8c6312bef094
20230130	18:33:38	INFORMATION	/genus	the genus & species page was visited.	aa05a87e-defb-4ec8-8144-695f099b198c
20230130	18:33:40	INFORMATION	/description	the description page was visited.	286d219b-b472-4d35-ab96-0c88381cbcae
20230130	18:34:58	INFORMATION	/description	the description page was visited.	aec2d59f-986b-4c93-b848-b3bc1a532547
20230130	18:35:08	INFORMATION	/	the home page was visited.	564daecf-0648-457a-826d-51ddc4fe0552
20230130	18:35:12	INFORMATION	/genus	the genus & species page was visited.	8faf7e2e-cc04-49b1-8dd1-4e87467975a2
20230130	18:35:15	INFORMATION	/domestication	the domestication page was visited.	dcb20881-0e86-4579-b0ec-ab071ac9fbbd
20230130	18:35:16	INFORMATION	/about	the about page was visited.	995d43aa-d360-42e7-a6a8-6d061a974fa7
20230130	18:36:55	INFORMATION	/	the home page was visited.	7173c716-7004-43f7-937f-08059f8d5974
20230130	18:36:59	INFORMATION	/description	the description page was visited.	550846be-3f71-46ce-bdfb-b3492f6db711
20230130	18:37:03	INFORMATION	/about	the about page was visited.	68c926b4-6232-4f5c-b059-52e75e677f6f
20230130	18:38:18	INFORMATION	/	the home page was visited.	0a81ebd0-84d2-4ee6-b0fb-e56b39438eb3
20230130	18:38:21	INFORMATION	/description	the description page was visited.	3d54a2e7-9e9d-4090-8f41-bad37466e2c7
20230130	18:38:48	INFORMATION	/	the home page was visited.	1e8f82d1-2d7c-47b4-a637-cce9d8cca97f
20230130	18:38:50	INFORMATION	/description	the description page was visited.	4d108422-f4c4-4e8b-95be-ba5e792484e6
20230130	18:40:00	INFORMATION	/	the home page was visited.	11c1a155-f751-4803-85fe-bdbde03d928c
20230130	18:40:07	INFORMATION	/description	the description page was visited.	ed0c5421-2cf6-4e41-ace5-474444d7546b
20230130	18:40:14	INFORMATION	/domestication	the domestication page was visited.	07e5cd81-68b6-4d10-b27d-27aca5966c66
20230130	18:40:17	INFORMATION	/about	the about page was visited.	727cb870-e120-4171-a6cc-b94942944ca6
20230130	18:40:24	INFORMATION	/description	the description page was visited.	09500306-a1b9-4d18-be04-60e0e559c836
20230130	18:40:59	INFORMATION	/description	the description page was visited.	81b05c61-413c-4a12-8fb7-4228cf97ef6c
20230130	18:41:53	INFORMATION	/description	the description page was visited.	803c0f56-497c-48cf-a762-c23ac5d7fe78
20230130	18:42:14	INFORMATION	/domestication	the domestication page was visited.	23519325-84e1-4c2d-a138-a65ba0c72a26
20230130	18:42:15	INFORMATION	/genus	the genus & species page was visited.	92d5ea46-7f52-4853-966f-cabab321f959
20230130	18:42:16	INFORMATION	/about	the about page was visited.	311f5dab-26cf-4f48-86e8-e7ffb602f5c8
20230130	18:42:21	INFORMATION	/description	the description page was visited.	5d78eb65-2305-43aa-a484-02dd2db307ab
20230130	18:43:52	INFORMATION	/about	the about page was visited.	3299d922-1b7d-4615-8972-ecf1ed425534
20230130	18:43:55	INFORMATION	/description	the description page was visited.	bce70ad0-4b42-4bf8-8691-8b63b27989f5
20230130	18:44:02	INFORMATION	/domestication	the domestication page was visited.	5795f621-7aa1-4697-b66e-0b73c56f8faa
20230130	18:44:03	INFORMATION	/about	the about page was visited.	3ad1f91c-4f4b-4ed8-a70a-6dc28fb0cb93
20230130	18:44:04	INFORMATION	/genus	the genus & species page was visited.	3785c769-26e9-4f2d-aec2-5b90ce76db4b
20230130	18:46:17	INFORMATION	/genus	the genus & species page was visited.	33e70cc1-987a-4875-ab4b-bde9650698a0
20230130	18:46:20	INFORMATION	/about	the about page was visited.	6542f08c-e68c-4f4f-80cf-4b17a7afe904
20230130	18:46:21	INFORMATION	/domestication	the domestication page was visited.	a2167053-d4e3-489c-9c0d-a5dab5507080
20230130	18:46:22	INFORMATION	/genus	the genus & species page was visited.	ba86d24f-006f-4b0e-89e7-1af87edfbe3d
20230130	18:46:23	INFORMATION	/domestication	the domestication page was visited.	ec7fac74-b275-4424-9bc4-3836d9b9d73b
20230130	18:46:24	INFORMATION	/about	the about page was visited.	95513d98-e4e0-4b28-b7a1-8488b6361581
20230130	18:51:37	INFORMATION	/about	the about page was visited.	027fd125-bef6-47fd-8b93-80229815ba74
20230130	18:51:38	INFORMATION	/domestication	the domestication page was visited.	e1e89aff-43b5-42e3-963b-45f8d4a95cb0
20230130	18:51:39	INFORMATION	/genus	the genus & species page was visited.	a783c6a5-0c4d-4091-9a07-f94ab1ae49b9
20230130	18:51:40	INFORMATION	/description	the description page was visited.	6ad6bfd6-34e6-49f7-9a86-c32d00b8106e
20230130	18:52:36	INFORMATION	/	the home page was visited.	88d8735b-c7fc-4cac-ade3-af41c23922d5
20230130	18:52:51	INFORMATION	/about	the about page was visited.	eb809404-d392-4098-b008-22c601fa1f8d
20230130	18:52:52	INFORMATION	/domestication	the domestication page was visited.	ad637bf8-3882-4331-8e26-232da0ff7ee3
20230130	18:52:53	INFORMATION	/genus	the genus & species page was visited.	c5ab886e-4f91-4a5f-bb23-704ac632d284
20230130	18:52:54	INFORMATION	/domestication	the domestication page was visited.	7dc85190-aced-42a8-8342-895978d62f6a
20230130	18:52:55	INFORMATION	/about	the about page was visited.	a613ede9-6703-4287-b64c-c3a8b38a3850
20230130	18:52:56	INFORMATION	/description	the description page was visited.	8f9db869-0aa7-4ff2-b2f2-a8208bd0511d
20230130	18:53:39	INFORMATION	/about	the about page was visited.	dcaff4cf-cbff-4496-af42-f84532e9c60d
20230130	18:53:41	INFORMATION	/domestication	the domestication page was visited.	e4a690dc-099c-47f4-8967-ee9cfee3caab
20230130	18:54:54	INFORMATION	/	the home page was visited.	52940631-13e0-43b2-a0df-f03c636fcf78
20230130	18:56:29	INFORMATION	/	the home page was visited.	1f937ab9-2258-4c86-9d1e-26480bd7787e
20230130	18:56:33	INFORMATION	/description	the description page was visited.	9d18be26-5fa3-478c-8f6d-a1f58b176d0b
20230130	18:57:24	INFORMATION	/about	the about page was visited.	f840d002-ca07-4d1a-861e-354bda3ce73f
20230130	18:57:28	INFORMATION	/domestication	the domestication page was visited.	29690031-6d4d-45a9-9e5e-20bef6da44a3
20230130	18:57:29	INFORMATION	/genus	the genus & species page was visited.	c29d81a8-dbeb-4d01-8f65-4fcb150f2e50
20230130	18:57:31	INFORMATION	/description	the description page was visited.	47b367a6-67d5-4510-a7c9-003695d37437
20230130	18:58:56	INFORMATION	/	the home page was visited.	4262c904-4d75-4251-820d-417fcd42d0c5
20230130	18:59:04	INFORMATION	/domestication	the domestication page was visited.	93697f75-b94c-4533-a3fd-1bc8f1fb26d0
20230130	18:59:11	INFORMATION	/about	the about page was visited.	eab35318-2367-4e88-9fc5-98f4bd8f8db9
20230130	19:00:07	INFORMATION	/about	the about page was visited.	73392f38-5582-4e8c-8fcd-0405947c3709
20230130	19:00:09	INFORMATION	/description	the description page was visited.	0a86845e-ce4e-4472-a51b-87dbb3214129
20230130	19:00:15	INFORMATION	/about	the about page was visited.	1280c789-62f2-4f5f-b70b-263be4ee3861
20230130	19:00:17	INFORMATION	/domestication	the domestication page was visited.	e0b78fbc-c46a-4c0b-a269-66f660e4710e
20230130	19:00:18	INFORMATION	/genus	the genus & species page was visited.	a44f7836-82e2-4957-b88f-f21a469f8ff0
20230130	19:00:19	INFORMATION	/description	the description page was visited.	cc68e473-a33d-4881-879b-13b515f2f951
20230130	19:01:55	INFORMATION	/genus	the genus & species page was visited.	455ae416-06e3-4ec2-9e36-7b3baebdaeb7
20230130	19:01:58	INFORMATION	/description	the description page was visited.	44a4a815-d876-4c84-a6f1-31e933dce425
20230130	19:23:49	INFORMATION	/	the home page was visited.	f8ab4ee1-603c-4fb5-ae51-9a20c02e2a98
20230130	19:34:30	INFORMATION	/about	the about page was visited.	7c244410-e971-4ce8-835e-803f1c9464f2
20230130	19:34:32	INFORMATION	/index	the home page was visited.	64ec3278-731d-448c-8d65-ef21fe8df33d
20230130	19:34:33	INFORMATION	/description	the description page was visited.	32894cf1-565a-426e-ad4f-435c2cd1c8f1
20230130	19:34:40	INFORMATION	/about	the about page was visited.	b11dfa35-a2de-4192-839a-4ced8dc30d5d
20230130	19:34:41	INFORMATION	/domestication	the domestication page was visited.	e5026d72-defa-4922-8a95-dd89450a7903
20230130	19:34:42	INFORMATION	/genus	the genus & species page was visited.	d045350a-8144-4a35-b9bd-34545d463cad
20230130	19:34:45	INFORMATION	/about	the about page was visited.	d746efeb-6c58-4806-b89b-ed51889558da
20230130	19:34:48	INFORMATION	/description	the description page was visited.	5d72530d-fb16-4279-85dd-7d9793ce75ee
20230130	19:42:16	INFORMATION	/about	the about page was visited.	f30242cf-224e-43a5-99af-d8f9852ced9f
20230130	19:42:18	INFORMATION	/genus	the genus & species page was visited.	957ceecb-4b34-4ac6-8edb-16c8da3fa32d
20230130	19:42:19	INFORMATION	/domestication	the domestication page was visited.	4c855dcc-a99c-492c-a732-f49651b80c39
20230130	19:42:20	INFORMATION	/index	the home page was visited.	0b333387-46d3-4f8c-af9d-82931bcaf891
20230130	19:42:22	INFORMATION	/description	the description page was visited.	6b666fe3-457e-4b45-94cf-345f43b2924c
20230130	19:43:49	INFORMATION	/domestication	the domestication page was visited.	288aeccf-40ad-4343-983e-d076bab45783
20230130	19:55:58	INFORMATION	/domestication	the domestication page was visited.	889c0d31-4851-4778-8ead-2f1c7038a8bc
20230130	19:56:00	INFORMATION	/genus	the genus & species page was visited.	14d022bc-7158-46b7-ab51-ab6def4accec
20230130	19:56:06	INFORMATION	/domestication	the domestication page was visited.	195fa71a-5a1a-411a-8984-7afc435640cd
20230130	20:07:02	INFORMATION	/domestication	the domestication page was visited.	b9f8d1eb-31a4-46cc-9971-1b3aa6aa3b6d
20230130	20:07:03	INFORMATION	/about	the about page was visited.	19a98727-8b53-48c8-89e3-1875603412b4
20230130	20:09:37	INFORMATION	/description	the description page was visited.	c4a27b96-6d0f-4612-8f72-1150a10bbe63
20230130	20:09:45	INFORMATION	/index	the home page was visited.	acf56604-eb51-442f-9d3d-069a2e709ff6
20230130	20:16:31	INFORMATION	/about	the about page was visited.	1133ac10-6260-4231-ba0c-e9a72f098e93
