20230129	16:41:47	INFORMATION	/subscribe	the subscribe page was visited.	3e98b147-e07c-44fd-a664-76ff8a26f841
20230129	16:42:10	INFORMATION	/contact	the contact page was visited.	58b09f14-32e8-4e49-9928-86acbae2b3ba
20230129	17:02:34	ERROR	/index	a routing error occured for the /index route.	ed06522a-080e-4814-805c-a85a824e4c0d
20230129	17:02:43	INFORMATION	/	the home page was visited.	adcf4722-95d1-4130-acbe-5fa7fe88d8d5
20230129	17:03:40	INFORMATION	/	the home page was visited.	2c67422f-76e0-458c-b6e2-429fd2280d83
20230129	17:05:47	INFORMATION	/	the home page was visited.	b659c642-561a-4902-b73d-f84b78095830
20230129	17:05:49	ERROR	//synchronous	a routing error occured for the //synchronous route.	55b78900-0c7a-4e2c-8b43-876bfd1f0679
20230129	17:26:35	INFORMATION	/	the home page was visited.	d17ad28b-ef26-42ef-9366-063ce61b77c9
20230129	17:26:40	INFORMATION	/about	the about page was visited.	e178e662-168d-418b-8078-eb0099ef39ee
20230129	17:30:03	INFORMATION	/about	the about page was visited.	8594efe2-4e58-4974-81c7-08d7ae139653
20230129	17:47:15	INFORMATION	/	the home page was visited.	7c5e0538-3e48-4c13-b768-f26dbad70810
20230129	17:47:15	INFORMATION	/favicon.ico	the home page was visited.	97098673-348b-4191-ad9e-e76f99e8850f
20230129	17:49:56	INFORMATION	/	the home page was visited.	615e33d1-d998-4d73-877b-d42878eca038
20230129	17:49:56	INFORMATION	/favicon.ico	the home page was visited.	4368e99c-0d65-49af-bfed-d86857e745d9
20230129	17:50:31	INFORMATION	/	the home page was visited.	9d492ea2-6101-4287-86ff-a07fc7b1e65a
20230129	17:50:31	INFORMATION	/favicon.ico	the home page was visited.	232c96d7-2867-41cf-9d70-a6059f97fb13
20230129	17:54:45	INFORMATION	/	the home page was visited.	3f65b8f2-9a88-44b5-9969-9f6f0e90b67b
20230129	17:54:45	INFORMATION	/favicon.ico	the home page was visited.	abf6d63a-7486-43c3-ad6b-437c917c78b2
20230129	17:55:26	INFORMATION	/about	the about page was visited.	dbfc98bd-5c90-4010-b9db-573a76b04bf8
20230129	17:55:26	INFORMATION	/favicon.ico	the home page was visited.	4abb3f15-784e-4962-a570-bbe56104c3da
20230129	17:56:00	INFORMATION	/about	the about page was visited.	d856c21c-5b82-4deb-acd4-5e9a633e3d30
20230129	17:56:00	INFORMATION	/favicon.ico	the home page was visited.	a5d446ff-1d18-454d-86ed-afc633580ff1
20230129	18:00:19	INFORMATION	/about	the about page was visited.	d0e5be2d-8c21-4da9-b142-cb70241c7630
20230129	18:00:19	INFORMATION	/favicon.ico	the home page was visited.	f82c3ff2-1c92-4d1d-aef5-00de9f30a484
20230129	18:04:31	INFORMATION	/about	the about page was visited.	7c07a425-0c47-4575-b274-1a2e8f4fc511
20230129	18:04:31	INFORMATION	/favicon.ico	the home page was visited.	153a10a4-97e1-4074-8763-7503e6f34b64
20230129	18:05:01	INFORMATION	/	the home page was visited.	4c70bfe8-e802-4a93-a822-348a9cebced4
20230129	18:05:01	INFORMATION	/favicon.ico	the home page was visited.	26788fc2-9940-49c7-b8ec-ab077e525f11
20230129	18:06:40	INFORMATION	/	the home page was visited.	49d6d3f3-1da6-47d6-9cfe-a58b0c0e05b7
20230129	18:06:40	INFORMATION	/favicon.ico	the home page was visited.	d21f69b4-8639-4394-bdb8-53b46253b4ee
20230129	18:08:01	INFORMATION	/	the home page was visited.	6ccc054d-7633-48b8-b8a3-a516f68bb559
20230129	18:08:01	INFORMATION	/favicon.ico	the home page was visited.	1a1c77bc-e8fe-482f-83b2-6cbc4817f5a1
20230129	18:17:39	INFORMATION	/	the home page was visited.	085017ae-a6c1-4691-8a30-dd381ad407a2
20230129	20:40:57	INFORMATION	/	the home page was visited.	e3d107d9-23ea-4164-8f3f-360e6198f195
20230129	20:42:07	INFORMATION	/about	the about page was visited.	a4b49509-1bb3-4f8d-b07c-2317ffd3cbc2
20230129	20:43:21	INFORMATION	/about	the about page was visited.	0ee3d57d-dc6b-4035-a941-7352655f84fc
20230129	20:43:25	INFORMATION	/	the home page was visited.	8d316776-73c2-4f03-8082-8c6287a2aa66
20230129	20:43:52	INFORMATION	/description	the description page was visited.	4274dc93-98d3-466a-9496-50c496bb1f55
20230129	20:47:37	INFORMATION	/description	the description page was visited.	15cbdc4e-cd9f-4446-b74c-d91a0d58d285
20230129	20:48:00	INFORMATION	/description	the description page was visited.	84e0a384-ae65-4897-8341-f1dbe7037dee
20230129	20:48:10	INFORMATION	/about	the about page was visited.	05e0ca2d-3526-478a-8d96-3e70825e4a18
20230129	20:48:15	INFORMATION	/description	the description page was visited.	300778db-ac9b-40ed-841c-f5ee1f7f4f6a
20230129	20:49:00	INFORMATION	/description	the description page was visited.	cccab6fa-9e2a-4e9d-abb2-ed87cbea4b5f
20230129	20:50:48	INFORMATION	/description	the description page was visited.	5eda29e7-b0d6-4a16-b810-7decb738c809
20230129	20:51:36	INFORMATION	/	the home page was visited.	1f9e927e-1eb3-4720-a412-366725eff817
20230129	20:54:33	INFORMATION	/	the home page was visited.	288e530f-80a6-4a59-a382-27ea8bfb086a
20230129	20:55:52	INFORMATION	/	the home page was visited.	fd82f8c1-ca5b-45b6-9e5e-1ac19436ff45
20230129	20:56:04	INFORMATION	/	the home page was visited.	02220479-f2e9-439c-883a-c943327acf2e
20230129	20:57:00	INFORMATION	/	the home page was visited.	5e994ca0-82c7-4b60-a5a8-7a53fb47edeb
20230129	21:07:46	INFORMATION	/domestication	the domestication page was visited.	28a4b673-5161-4fa7-b23b-80d3ba587177
20230129	21:09:10	INFORMATION	/about	the about page was visited.	54526482-a521-46e5-8857-8004b3767b10
20230129	21:11:55	INFORMATION	/about	the about page was visited.	9af672c7-783c-4f08-9a3a-6b77489e6e12
20230129	21:25:32	INFORMATION	/about	the about page was visited.	89499821-7b6f-4839-8054-27f8921638ee
20230129	21:25:33	INFORMATION	/	the home page was visited.	4bf4d500-9cad-456f-8754-c1614509ff47
20230129	21:25:34	INFORMATION	/description	the description page was visited.	efc956bd-03a9-47db-9c6b-2a49413dc7eb
20230129	21:26:29	INFORMATION	/description	the description page was visited.	b52f7e5a-fa0f-4469-acc2-f191cb6cc60f
20230129	21:26:32	INFORMATION	/about	the about page was visited.	2d1d5872-f907-4056-9add-7e8a1504a585
20230129	21:32:25	INFORMATION	/	the home page was visited.	f8bcd598-e9a2-4537-b54c-183aa4792db7
20230129	21:35:19	INFORMATION	/	the home page was visited.	8592c61c-d621-44ad-affa-080fc2062829
20230129	21:35:22	INFORMATION	/description	the description page was visited.	29b83047-45d8-4032-bb10-a13ed3b6a8db
20230129	21:35:27	INFORMATION	/about	the about page was visited.	9166eee0-81d2-405b-b060-544095618f8f
20230129	21:35:29	INFORMATION	/domestication	the domestication page was visited.	ce205e64-a796-4070-9ddf-227563c8b372
20230129	21:35:31	INFORMATION	/genus	the genus page was visited.	bfe79fd4-3cf8-42b7-81d6-87d95f7bbf5a
20230129	21:35:34	INFORMATION	/donate	the donate page was visited.	e160b519-1d17-444a-8b15-61256aa4e1c4
20230129	21:45:34	INFORMATION	/genus	the genus page was visited.	449a871c-f926-4edd-b55c-a33dc6f28743
20230129	21:45:41	INFORMATION	/domestication	the domestication page was visited.	56d31d10-8ecc-47a5-87e0-2bd354b354f9
20230129	21:45:45	INFORMATION	/about	the about page was visited.	022b3058-1fe4-45b5-9b66-10bff2668c32
20230129	21:45:49	INFORMATION	/description	the description page was visited.	61936c90-b97d-4f69-a8aa-3207242aabf5
20230129	21:45:54	INFORMATION	/about	the about page was visited.	0199ca4d-d5ce-4939-94ed-fb49598d104f
20230129	21:46:34	INFORMATION	/donate	the donate page was visited.	4b98d8f3-b43c-4dc4-b13b-1f62fa898dff
20230129	21:46:44	INFORMATION	/	the home page was visited.	223becec-7c55-42b3-9547-3632eb34295c
20230129	21:46:47	INFORMATION	/genus	the genus page was visited.	b6e66b06-8584-4595-a0a2-d1f3e537687a
20230129	21:46:50	INFORMATION	/description	the description page was visited.	1106df61-54e8-4bff-9f9f-a671c3dd48d7
20230129	21:47:18	INFORMATION	/	the home page was visited.	0a347f34-f7f6-47a1-b45d-29250ae97765
20230129	21:47:34	INFORMATION	/domestication	the domestication page was visited.	397caec1-9084-4fee-a508-73ec195f092a
20230129	21:48:45	INFORMATION	/	the home page was visited.	93e8978a-4f14-4b2f-845d-57af46ffe5de
20230129	21:48:47	INFORMATION	/domestication	the domestication page was visited.	355e6223-9868-4480-b8db-93e9fefa5efe
20230129	21:51:42	INFORMATION	/	the home page was visited.	4f75acb8-01a6-40da-a22b-29130fc6982a
20230129	21:51:46	INFORMATION	/description	the description page was visited.	a80da11e-9b3a-43aa-99d4-0160e60fea34
20230129	21:51:49	INFORMATION	/about	the about page was visited.	d72546e0-f6e7-4b93-898a-25a3c922622e
20230129	21:51:53	INFORMATION	/domestication	the domestication page was visited.	1b07a437-fce1-4be7-a0f4-1eab87f58742
20230129	21:51:56	INFORMATION	/genus	the genus page was visited.	74110ec6-8e4b-4764-b62d-283e47604e8e
20230129	21:51:59	INFORMATION	/donate	the donate page was visited.	1ab51f92-2dac-496d-8557-872d6f9fb09d
20230129	22:09:14	INFORMATION	/about	the about page was visited.	4525368b-2ec9-4117-846a-818570e01b7f
20230129	22:09:16	INFORMATION	/domestication	the domestication page was visited.	f470f06c-a1b2-4de0-a507-3c27e7e94cda
20230129	22:09:16	INFORMATION	/genus	the genus page was visited.	28183f3c-900d-4618-9d8d-1fbd6ef1d079
20230129	22:09:17	INFORMATION	/donate	the donate page was visited.	201ba346-87b1-494c-b22f-4b4f214d036c
20230129	22:09:24	INFORMATION	/description	the description page was visited.	86a5a2a5-355f-4add-82ae-76e67b1bfdc0
20230129	22:11:09	INFORMATION	/	the home page was visited.	375fffce-e4b9-453e-b76a-15e70aa6fa79
20230129	22:12:09	INFORMATION	/	the home page was visited.	abf503a1-9561-47a3-b82e-16e3e55f7bdb
20230129	22:12:48	INFORMATION	/	the home page was visited.	a26b2b0e-b8bf-4508-ad63-e222336d05a4
20230129	22:13:53	INFORMATION	/domestication	the domestication page was visited.	673047fd-748d-457c-9217-73b3fe9eab1f
20230129	22:16:44	INFORMATION	/	the home page was visited.	af7b02ed-b39c-4ecc-a4b8-e93e7a3536ab
